<?xml version="1.0" encoding="UTF-8"?>
<testng-results skipped="0" failed="0" total="1" passed="1">
  <reporter-output>
  </reporter-output>
  <suite name="Default suite" duration-ms="15049" started-at="2013-08-05T12:52:02Z" finished-at="2013-08-05T12:52:17Z">
    <groups>
    </groups>
    <test name="Default test" duration-ms="15049" started-at="2013-08-05T12:52:02Z" finished-at="2013-08-05T12:52:17Z">
      <class name="Step4.Tests.tests">
        <test-method status="PASS" signature="beforemethod()[pri:0, instance:Step4.Tests.tests@5fe637fb]" name="beforemethod" is-config="true" duration-ms="13289" started-at="2013-08-05T15:52:02Z" finished-at="2013-08-05T15:52:15Z">
          <reporter-output>
          </reporter-output>
        </test-method> <!-- beforemethod -->
        <test-method status="PASS" signature="semechka_search()[pri:0, instance:Step4.Tests.tests@5fe637fb]" name="semechka_search" duration-ms="513" started-at="2013-08-05T15:52:15Z" finished-at="2013-08-05T15:52:15Z">
          <reporter-output>
          </reporter-output>
        </test-method> <!-- semechka_search -->
        <test-method status="PASS" signature="aftermethod()[pri:0, instance:Step4.Tests.tests@5fe637fb]" name="aftermethod" is-config="true" duration-ms="1240" started-at="2013-08-05T15:52:15Z" finished-at="2013-08-05T15:52:17Z">
          <reporter-output>
          </reporter-output>
        </test-method> <!-- aftermethod -->
      </class> <!-- Step4.Tests.tests -->
    </test> <!-- Default test -->
  </suite> <!-- Default suite -->
</testng-results>
